<?xml version="1.0" encoding="UTF-8"?>
<!-- Generated by org.testng.reporters.JUnitReportReporter -->
<testsuite hostname="len103" name="com.idexcel.termloanservice.scripts.TermLoanReports" tests="17" failures="0" timestamp="28 May 2020 05:56:29 GMT" time="51.157" errors="0">
  <testcase name="reportGet" time="2.738" classname="com.idexcel.termloanservice.scripts.TermLoanReports"/>
  <testcase name="reportGet" time="2.732" classname="com.idexcel.termloanservice.scripts.TermLoanReports"/>
  <testcase name="reportGet" time="2.669" classname="com.idexcel.termloanservice.scripts.TermLoanReports"/>
  <testcase name="reportGet" time="2.658" classname="com.idexcel.termloanservice.scripts.TermLoanReports"/>
  <testcase name="reportGet" time="2.649" classname="com.idexcel.termloanservice.scripts.TermLoanReports"/>
  <testcase name="reportGet" time="2.663" classname="com.idexcel.termloanservice.scripts.TermLoanReports"/>
  <testcase name="reportGet" time="2.692" classname="com.idexcel.termloanservice.scripts.TermLoanReports"/>
  <testcase name="reportGet" time="2.680" classname="com.idexcel.termloanservice.scripts.TermLoanReports"/>
  <testcase name="reportGet" time="2.819" classname="com.idexcel.termloanservice.scripts.TermLoanReports"/>
  <testcase name="reportGet" time="2.721" classname="com.idexcel.termloanservice.scripts.TermLoanReports"/>
  <testcase name="reportGet" time="2.790" classname="com.idexcel.termloanservice.scripts.TermLoanReports"/>
  <testcase name="reportGet" time="2.682" classname="com.idexcel.termloanservice.scripts.TermLoanReports"/>
  <testcase name="reportGet" time="2.639" classname="com.idexcel.termloanservice.scripts.TermLoanReports"/>
  <testcase name="reportGet" time="2.714" classname="com.idexcel.termloanservice.scripts.TermLoanReports"/>
  <testcase name="reportGet" time="2.756" classname="com.idexcel.termloanservice.scripts.TermLoanReports"/>
  <testcase name="reportGet" time="7.920" classname="com.idexcel.termloanservice.scripts.TermLoanReports"/>
  <testcase name="reportGet" time="2.635" classname="com.idexcel.termloanservice.scripts.TermLoanReports"/>
</testsuite> <!-- com.idexcel.termloanservice.scripts.TermLoanReports -->
