<?xml version="1.0" encoding="UTF-8"?>
<!-- Generated by org.testng.reporters.JUnitReportReporter -->
<testsuite hostname="len103" name="com.idexcel.termloanservice.scripts.TermLoanInitialPaymentdateNeg" tests="38" failures="0" timestamp="1 Apr 2020 10:22:45 GMT" time="110.084" errors="0">
  <testcase name="termLoanInitialDateNegative" time="2.737" classname="com.idexcel.termloanservice.scripts.TermLoanInitialPaymentdateNeg"/>
  <testcase name="termLoanInitialDateNegative" time="2.619" classname="com.idexcel.termloanservice.scripts.TermLoanInitialPaymentdateNeg"/>
  <testcase name="termLoanInitialDateNegative" time="2.741" classname="com.idexcel.termloanservice.scripts.TermLoanInitialPaymentdateNeg"/>
  <testcase name="termLoanInitialDateNegative" time="2.728" classname="com.idexcel.termloanservice.scripts.TermLoanInitialPaymentdateNeg"/>
  <testcase name="termLoanInitialDateNegative" time="2.737" classname="com.idexcel.termloanservice.scripts.TermLoanInitialPaymentdateNeg"/>
  <testcase name="termLoanInitialDateNegative" time="2.600" classname="com.idexcel.termloanservice.scripts.TermLoanInitialPaymentdateNeg"/>
  <testcase name="termLoanInitialDateNegative" time="2.783" classname="com.idexcel.termloanservice.scripts.TermLoanInitialPaymentdateNeg"/>
  <testcase name="termLoanInitialDateNegative" time="2.676" classname="com.idexcel.termloanservice.scripts.TermLoanInitialPaymentdateNeg"/>
  <testcase name="termLoanInitialDateNegative" time="2.737" classname="com.idexcel.termloanservice.scripts.TermLoanInitialPaymentdateNeg"/>
  <testcase name="termLoanInitialDateNegative" time="2.695" classname="com.idexcel.termloanservice.scripts.TermLoanInitialPaymentdateNeg"/>
  <testcase name="termLoanInitialDateNegative" time="2.720" classname="com.idexcel.termloanservice.scripts.TermLoanInitialPaymentdateNeg"/>
  <testcase name="termLoanInitialDateNegative" time="3.831" classname="com.idexcel.termloanservice.scripts.TermLoanInitialPaymentdateNeg"/>
  <testcase name="termLoanInitialDateNegative" time="2.682" classname="com.idexcel.termloanservice.scripts.TermLoanInitialPaymentdateNeg"/>
  <testcase name="termLoanInitialDateNegative" time="2.777" classname="com.idexcel.termloanservice.scripts.TermLoanInitialPaymentdateNeg"/>
  <testcase name="termLoanInitialDateNegative" time="2.741" classname="com.idexcel.termloanservice.scripts.TermLoanInitialPaymentdateNeg"/>
  <testcase name="termLoanInitialDateNegative" time="2.622" classname="com.idexcel.termloanservice.scripts.TermLoanInitialPaymentdateNeg"/>
  <testcase name="termLoanInitialDateNegative" time="2.770" classname="com.idexcel.termloanservice.scripts.TermLoanInitialPaymentdateNeg"/>
  <testcase name="termLoanInitialDateNegative" time="2.702" classname="com.idexcel.termloanservice.scripts.TermLoanInitialPaymentdateNeg"/>
  <testcase name="termLoanInitialDateNegative" time="2.794" classname="com.idexcel.termloanservice.scripts.TermLoanInitialPaymentdateNeg"/>
  <testcase name="termLoanInitialDateNegative" time="2.661" classname="com.idexcel.termloanservice.scripts.TermLoanInitialPaymentdateNeg"/>
  <testcase name="termLoanInitialDateNegative" time="2.736" classname="com.idexcel.termloanservice.scripts.TermLoanInitialPaymentdateNeg"/>
  <testcase name="termLoanInitialDateNegative" time="2.625" classname="com.idexcel.termloanservice.scripts.TermLoanInitialPaymentdateNeg"/>
  <testcase name="termLoanInitialDateNegative" time="2.708" classname="com.idexcel.termloanservice.scripts.TermLoanInitialPaymentdateNeg"/>
  <testcase name="termLoanInitialDateNegative" time="2.784" classname="com.idexcel.termloanservice.scripts.TermLoanInitialPaymentdateNeg"/>
  <testcase name="termLoanInitialDateNegative" time="2.754" classname="com.idexcel.termloanservice.scripts.TermLoanInitialPaymentdateNeg"/>
  <testcase name="termLoanInitialDateNegative" time="2.582" classname="com.idexcel.termloanservice.scripts.TermLoanInitialPaymentdateNeg"/>
  <testcase name="termLoanInitialDateNegative" time="3.751" classname="com.idexcel.termloanservice.scripts.TermLoanInitialPaymentdateNeg"/>
  <testcase name="termLoanInitialDateNegative" time="2.713" classname="com.idexcel.termloanservice.scripts.TermLoanInitialPaymentdateNeg"/>
  <testcase name="termLoanInitialDateNegative" time="2.666" classname="com.idexcel.termloanservice.scripts.TermLoanInitialPaymentdateNeg"/>
  <testcase name="termLoanInitialDateNegative" time="2.660" classname="com.idexcel.termloanservice.scripts.TermLoanInitialPaymentdateNeg"/>
  <testcase name="termLoanInitialDateNegative" time="2.607" classname="com.idexcel.termloanservice.scripts.TermLoanInitialPaymentdateNeg"/>
  <testcase name="termLoanInitialDateNegative" time="2.744" classname="com.idexcel.termloanservice.scripts.TermLoanInitialPaymentdateNeg"/>
  <testcase name="termLoanInitialDateNegative" time="2.726" classname="com.idexcel.termloanservice.scripts.TermLoanInitialPaymentdateNeg"/>
  <testcase name="termLoanInitialDateNegative" time="2.694" classname="com.idexcel.termloanservice.scripts.TermLoanInitialPaymentdateNeg"/>
  <testcase name="termLoanInitialDateNegative" time="3.794" classname="com.idexcel.termloanservice.scripts.TermLoanInitialPaymentdateNeg"/>
  <testcase name="termLoanInitialDateNegative" time="2.695" classname="com.idexcel.termloanservice.scripts.TermLoanInitialPaymentdateNeg"/>
  <testcase name="termLoanInitialDateNegative" time="6.862" classname="com.idexcel.termloanservice.scripts.TermLoanInitialPaymentdateNeg"/>
  <testcase name="termLoanInitialDateNegative" time="2.630" classname="com.idexcel.termloanservice.scripts.TermLoanInitialPaymentdateNeg"/>
</testsuite> <!-- com.idexcel.termloanservice.scripts.TermLoanInitialPaymentdateNeg -->
