<?xml version="1.0" encoding="UTF-8"?>
<!-- Generated by org.testng.reporters.JUnitReportReporter -->
<testsuite hostname="len103" name="com.idexcel.termloanservice.scripts.Floatinginterest" tests="2" failures="0" timestamp="13 May 2020 11:01:56 GMT" time="11.272" errors="0">
  <testcase name="floating" time="7.918" classname="com.idexcel.termloanservice.scripts.Floatinginterest"/>
  <testcase name="floating" time="3.354" classname="com.idexcel.termloanservice.scripts.Floatinginterest"/>
</testsuite> <!-- com.idexcel.termloanservice.scripts.Floatinginterest -->
