<?xml version="1.0" encoding="UTF-8"?>
<!-- Generated by org.testng.reporters.JUnitReportReporter -->
<testsuite hostname="len103" name="com.idexcel.termloanservice.scripts.ChargecodeCRUD" tests="40" failures="0" timestamp="1 Apr 2020 09:34:06 GMT" time="139.331" errors="0">
  <testcase name="chargeCodeWithNegativeDetails" time="6.988" classname="com.idexcel.termloanservice.scripts.ChargecodeCRUD"/>
  <testcase name="chargeCodeWithNegativeDetails" time="2.737" classname="com.idexcel.termloanservice.scripts.ChargecodeCRUD"/>
  <testcase name="chargeTypeValidationForNegative" time="2.814" classname="com.idexcel.termloanservice.scripts.ChargecodeCRUD"/>
  <testcase name="transactionFieldNegative" time="2.771" classname="com.idexcel.termloanservice.scripts.ChargecodeCRUD"/>
  <testcase name="chargeCodeWithNegativeDetails" time="3.044" classname="com.idexcel.termloanservice.scripts.ChargecodeCRUD"/>
  <testcase name="chargeTypeValidation" time="2.932" classname="com.idexcel.termloanservice.scripts.ChargecodeCRUD"/>
  <testcase name="chargeTypeValidationForNegative" time="2.677" classname="com.idexcel.termloanservice.scripts.ChargecodeCRUD"/>
  <testcase name="chargeTypeValidationForNegative" time="2.761" classname="com.idexcel.termloanservice.scripts.ChargecodeCRUD"/>
  <testcase name="transactionFieldNegative" time="4.698" classname="com.idexcel.termloanservice.scripts.ChargecodeCRUD"/>
  <testcase name="chargeTypeValidationForNegative" time="2.644" classname="com.idexcel.termloanservice.scripts.ChargecodeCRUD"/>
  <testcase name="chargeTypeValidationForNegative" time="2.679" classname="com.idexcel.termloanservice.scripts.ChargecodeCRUD"/>
  <testcase name="chargeCodeWithNegativeDetails" time="2.792" classname="com.idexcel.termloanservice.scripts.ChargecodeCRUD"/>
  <testcase name="chargeCodeWithNegativeDetails" time="2.789" classname="com.idexcel.termloanservice.scripts.ChargecodeCRUD"/>
  <testcase name="chargeCodeWithNegativeDetails" time="2.731" classname="com.idexcel.termloanservice.scripts.ChargecodeCRUD"/>
  <testcase name="chargeTypeValidation" time="2.898" classname="com.idexcel.termloanservice.scripts.ChargecodeCRUD"/>
  <testcase name="transactionFieldNegative" time="2.712" classname="com.idexcel.termloanservice.scripts.ChargecodeCRUD"/>
  <testcase name="transactionFieldNegative" time="2.679" classname="com.idexcel.termloanservice.scripts.ChargecodeCRUD"/>
  <testcase name="chargeTypeValidationForNegative" time="3.949" classname="com.idexcel.termloanservice.scripts.ChargecodeCRUD"/>
  <testcase name="chargeTypeValidationForNegative" time="4.705" classname="com.idexcel.termloanservice.scripts.ChargecodeCRUD"/>
  <testcase name="chargeTypeValidationForNegative" time="2.826" classname="com.idexcel.termloanservice.scripts.ChargecodeCRUD"/>
  <testcase name="chargeTypeValidationForNegative" time="2.925" classname="com.idexcel.termloanservice.scripts.ChargecodeCRUD"/>
  <testcase name="transactionFieldNegative" time="3.795" classname="com.idexcel.termloanservice.scripts.ChargecodeCRUD"/>
  <testcase name="chargeTypeValidation" time="3.000" classname="com.idexcel.termloanservice.scripts.ChargecodeCRUD"/>
  <testcase name="chargeTypeValidationForNegative" time="2.700" classname="com.idexcel.termloanservice.scripts.ChargecodeCRUD"/>
  <testcase name="chargeCodeWithNegativeDetails" time="4.523" classname="com.idexcel.termloanservice.scripts.ChargecodeCRUD"/>
  <testcase name="chargeTypeValidationForNegative" time="2.655" classname="com.idexcel.termloanservice.scripts.ChargecodeCRUD"/>
  <testcase name="chargeTypeValidationForNegative" time="2.652" classname="com.idexcel.termloanservice.scripts.ChargecodeCRUD"/>
  <testcase name="creationOfChargeCodeWithPositiveDetails" time="15.779" classname="com.idexcel.termloanservice.scripts.ChargecodeCRUD"/>
  <testcase name="chargeCodeWithNegativeDetails" time="2.729" classname="com.idexcel.termloanservice.scripts.ChargecodeCRUD"/>
  <testcase name="chargeTypeValidation" time="3.150" classname="com.idexcel.termloanservice.scripts.ChargecodeCRUD"/>
  <testcase name="chargeTypeValidationForNegative" time="2.781" classname="com.idexcel.termloanservice.scripts.ChargecodeCRUD"/>
  <testcase name="chargeTypeValidationForNegative" time="2.665" classname="com.idexcel.termloanservice.scripts.ChargecodeCRUD"/>
  <testcase name="transactionFieldNegative" time="2.824" classname="com.idexcel.termloanservice.scripts.ChargecodeCRUD"/>
  <testcase name="chargeTypeValidationForNegative" time="2.745" classname="com.idexcel.termloanservice.scripts.ChargecodeCRUD"/>
  <testcase name="transactionFieldNegative" time="4.720" classname="com.idexcel.termloanservice.scripts.ChargecodeCRUD"/>
  <testcase name="chargeCodeWithNegativeDetails" time="2.700" classname="com.idexcel.termloanservice.scripts.ChargecodeCRUD"/>
  <testcase name="transactionFieldNegative" time="2.697" classname="com.idexcel.termloanservice.scripts.ChargecodeCRUD"/>
  <testcase name="chargeTypeValidation" time="2.995" classname="com.idexcel.termloanservice.scripts.ChargecodeCRUD"/>
  <testcase name="chargeTypeValidationForNegative" time="2.755" classname="com.idexcel.termloanservice.scripts.ChargecodeCRUD"/>
  <testcase name="transactionFieldNegative" time="3.715" classname="com.idexcel.termloanservice.scripts.ChargecodeCRUD"/>
</testsuite> <!-- com.idexcel.termloanservice.scripts.ChargecodeCRUD -->
