<?xml version="1.0" encoding="UTF-8"?>
<!-- Generated by org.testng.reporters.JUnitReportReporter -->
<testsuite hostname="len103" name="com.idexcel.termloanservice.scripts.TermLoanAllGet" tests="9" failures="0" timestamp="1 Apr 2020 09:43:49 GMT" time="29.692" errors="0">
  <testcase name="termLoanGetRequest" time="7.229" classname="com.idexcel.termloanservice.scripts.TermLoanAllGet"/>
  <testcase name="termLoanGetRequest" time="3.116" classname="com.idexcel.termloanservice.scripts.TermLoanAllGet"/>
  <testcase name="termLoanGetRequest" time="2.771" classname="com.idexcel.termloanservice.scripts.TermLoanAllGet"/>
  <testcase name="termLoanGetRequest" time="2.785" classname="com.idexcel.termloanservice.scripts.TermLoanAllGet"/>
  <testcase name="termLoanGetRequest" time="2.746" classname="com.idexcel.termloanservice.scripts.TermLoanAllGet"/>
  <testcase name="termLoanGetRequest" time="2.794" classname="com.idexcel.termloanservice.scripts.TermLoanAllGet"/>
  <testcase name="termLoanGetRequest" time="2.674" classname="com.idexcel.termloanservice.scripts.TermLoanAllGet"/>
  <testcase name="termLoanGetRequest" time="2.765" classname="com.idexcel.termloanservice.scripts.TermLoanAllGet"/>
  <testcase name="termLoanGetRequest" time="2.812" classname="com.idexcel.termloanservice.scripts.TermLoanAllGet"/>
</testsuite> <!-- com.idexcel.termloanservice.scripts.TermLoanAllGet -->
