<?xml version="1.0" encoding="UTF-8"?>
<!-- Generated by org.testng.reporters.JUnitReportReporter -->
<testsuite hostname="len103" name="com.idexcel.termloanservice.scripts.TermLoanOrignalDate" tests="43" failures="0" timestamp="1 Apr 2020 10:54:26 GMT" time="123.166" errors="0">
  <testcase name="termLoanOrignalDateAsNegative" time="2.676" classname="com.idexcel.termloanservice.scripts.TermLoanOrignalDate"/>
  <testcase name="termLoanOrignalDateAsNegative" time="2.758" classname="com.idexcel.termloanservice.scripts.TermLoanOrignalDate"/>
  <testcase name="termLoanOrignalDateAsNegative" time="2.726" classname="com.idexcel.termloanservice.scripts.TermLoanOrignalDate"/>
  <testcase name="termLoanOrignalDateAsNegative" time="2.746" classname="com.idexcel.termloanservice.scripts.TermLoanOrignalDate"/>
  <testcase name="termLoanOrignalDateAsNegative" time="2.761" classname="com.idexcel.termloanservice.scripts.TermLoanOrignalDate"/>
  <testcase name="termLoanOrignalDateAsNegative" time="2.768" classname="com.idexcel.termloanservice.scripts.TermLoanOrignalDate"/>
  <testcase name="termLoanOrignalDateAsNegative" time="2.708" classname="com.idexcel.termloanservice.scripts.TermLoanOrignalDate"/>
  <testcase name="termLoanOrignalDateAsNegative" time="2.829" classname="com.idexcel.termloanservice.scripts.TermLoanOrignalDate"/>
  <testcase name="termLoanOrignalDateAsNegative" time="2.805" classname="com.idexcel.termloanservice.scripts.TermLoanOrignalDate"/>
  <testcase name="termLoanOrignalDateAsNegative" time="2.784" classname="com.idexcel.termloanservice.scripts.TermLoanOrignalDate"/>
  <testcase name="termLoanOrignalDateAsNegative" time="2.813" classname="com.idexcel.termloanservice.scripts.TermLoanOrignalDate"/>
  <testcase name="termLoanOrignalDateAsNegative" time="2.749" classname="com.idexcel.termloanservice.scripts.TermLoanOrignalDate"/>
  <testcase name="termLoanOrignalDateAsNegative" time="2.688" classname="com.idexcel.termloanservice.scripts.TermLoanOrignalDate"/>
  <testcase name="termLoanOrignalDateAsNegative" time="2.754" classname="com.idexcel.termloanservice.scripts.TermLoanOrignalDate"/>
  <testcase name="termLoanOrignalDateAsNegative" time="2.839" classname="com.idexcel.termloanservice.scripts.TermLoanOrignalDate"/>
  <testcase name="termLoanOrignalDateAsNegative" time="2.699" classname="com.idexcel.termloanservice.scripts.TermLoanOrignalDate"/>
  <testcase name="termLoanOrignalDateAsNegative" time="2.776" classname="com.idexcel.termloanservice.scripts.TermLoanOrignalDate"/>
  <testcase name="termLoanOrignalDateAsNegative" time="2.725" classname="com.idexcel.termloanservice.scripts.TermLoanOrignalDate"/>
  <testcase name="termLoanOrignalDateAsNegative" time="2.743" classname="com.idexcel.termloanservice.scripts.TermLoanOrignalDate"/>
  <testcase name="termLoanOrignalDateAsNegative" time="2.780" classname="com.idexcel.termloanservice.scripts.TermLoanOrignalDate"/>
  <testcase name="termLoanOrignalDateAsNegative" time="2.789" classname="com.idexcel.termloanservice.scripts.TermLoanOrignalDate"/>
  <testcase name="termLoanOrignalDateAsNegative" time="2.802" classname="com.idexcel.termloanservice.scripts.TermLoanOrignalDate"/>
  <testcase name="termLoanOrignalDateAsNegative" time="2.772" classname="com.idexcel.termloanservice.scripts.TermLoanOrignalDate"/>
  <testcase name="termLoanOrignalDateAsNegative" time="2.795" classname="com.idexcel.termloanservice.scripts.TermLoanOrignalDate"/>
  <testcase name="termLoanOrignalDateAsNegative" time="2.690" classname="com.idexcel.termloanservice.scripts.TermLoanOrignalDate"/>
  <testcase name="termLoanOrignalDateAsNegative" time="2.789" classname="com.idexcel.termloanservice.scripts.TermLoanOrignalDate"/>
  <testcase name="termLoanOrignalDateAsNegative" time="2.782" classname="com.idexcel.termloanservice.scripts.TermLoanOrignalDate"/>
  <testcase name="termLoanOrignalDateAsNegative" time="2.727" classname="com.idexcel.termloanservice.scripts.TermLoanOrignalDate"/>
  <testcase name="termLoanOrignalDateAsNegative" time="2.712" classname="com.idexcel.termloanservice.scripts.TermLoanOrignalDate"/>
  <testcase name="termLoanOrignalDateAsNegative" time="2.688" classname="com.idexcel.termloanservice.scripts.TermLoanOrignalDate"/>
  <testcase name="termLoanOrignalDateAsNegative" time="2.823" classname="com.idexcel.termloanservice.scripts.TermLoanOrignalDate"/>
  <testcase name="termLoanOrignalDateAsNegative" time="6.928" classname="com.idexcel.termloanservice.scripts.TermLoanOrignalDate"/>
  <testcase name="termLoanOrignalDateAsNegative" time="2.796" classname="com.idexcel.termloanservice.scripts.TermLoanOrignalDate"/>
  <testcase name="termLoanOrignalDateAsNegative" time="2.829" classname="com.idexcel.termloanservice.scripts.TermLoanOrignalDate"/>
  <testcase name="termLoanOrignalDateAsNegative" time="2.674" classname="com.idexcel.termloanservice.scripts.TermLoanOrignalDate"/>
  <testcase name="termLoanOrignalDateAsNegative" time="2.747" classname="com.idexcel.termloanservice.scripts.TermLoanOrignalDate"/>
  <testcase name="termLoanOrignalDateAsNegative" time="3.003" classname="com.idexcel.termloanservice.scripts.TermLoanOrignalDate"/>
  <testcase name="termLoanOrignalDateAsNegative" time="2.802" classname="com.idexcel.termloanservice.scripts.TermLoanOrignalDate"/>
  <testcase name="termLoanOrignalDateAsNegative" time="2.735" classname="com.idexcel.termloanservice.scripts.TermLoanOrignalDate"/>
  <testcase name="termLoanOrignalDateAsNegative" time="2.825" classname="com.idexcel.termloanservice.scripts.TermLoanOrignalDate"/>
  <testcase name="termLoanOrignalDateAsNegative" time="2.811" classname="com.idexcel.termloanservice.scripts.TermLoanOrignalDate"/>
  <testcase name="termLoanOrignalDateAsNegative" time="2.778" classname="com.idexcel.termloanservice.scripts.TermLoanOrignalDate"/>
  <testcase name="termLoanOrignalDateAsNegative" time="2.742" classname="com.idexcel.termloanservice.scripts.TermLoanOrignalDate"/>
</testsuite> <!-- com.idexcel.termloanservice.scripts.TermLoanOrignalDate -->
