<?xml version="1.0" encoding="UTF-8"?>
<!-- Generated by org.testng.reporters.JUnitReportReporter -->
<testsuite hostname="len103" name="com.idexcel.termloanservice.scripts.PeriodRevision" tests="1" failures="0" timestamp="9 Jun 2020 09:12:57 GMT" time="20.164" errors="0">
  <testcase name="periodRevsion" time="20.164" classname="com.idexcel.termloanservice.scripts.PeriodRevision"/>
</testsuite> <!-- com.idexcel.termloanservice.scripts.PeriodRevision -->
