<?xml version="1.0" encoding="UTF-8"?>
<!-- Generated by org.testng.reporters.JUnitReportReporter -->
<testsuite hostname="len167" name="com.idexcel.tokens.Token" tests="1" failures="0" timestamp="23 Jul 2019 05:03:52 GMT" time="2.799" errors="0">
  <testcase name="trythis" time="2.799" classname="com.idexcel.tokens.Token"/>
</testsuite> <!-- com.idexcel.tokens.Token -->
