<?xml version="1.0" encoding="UTF-8"?>
<!-- Generated by org.testng.reporters.JUnitReportReporter -->
<testsuite hostname="len103" name="com.idexcel.termloanservice.scripts.TermLoanEdit" tests="16" failures="0" timestamp="26 May 2020 08:58:03 GMT" time="98.664" errors="0">
  <testcase name="termLoanEditOperation" time="5.831" classname="com.idexcel.termloanservice.scripts.TermLoanEdit"/>
  <testcase name="termLoanEditOperation" time="5.787" classname="com.idexcel.termloanservice.scripts.TermLoanEdit"/>
  <testcase name="termLoanEditOperation" time="5.788" classname="com.idexcel.termloanservice.scripts.TermLoanEdit"/>
  <testcase name="termLoanEditOperation" time="5.773" classname="com.idexcel.termloanservice.scripts.TermLoanEdit"/>
  <testcase name="termLoanEditOperation" time="5.745" classname="com.idexcel.termloanservice.scripts.TermLoanEdit"/>
  <testcase name="termLoanEditOperation" time="6.002" classname="com.idexcel.termloanservice.scripts.TermLoanEdit"/>
  <testcase name="termLoanEditOperation" time="5.795" classname="com.idexcel.termloanservice.scripts.TermLoanEdit"/>
  <testcase name="termLoanEditOperation" time="5.944" classname="com.idexcel.termloanservice.scripts.TermLoanEdit"/>
  <testcase name="termLoanEditOperation" time="5.823" classname="com.idexcel.termloanservice.scripts.TermLoanEdit"/>
  <testcase name="termLoanEditOperation" time="5.819" classname="com.idexcel.termloanservice.scripts.TermLoanEdit"/>
  <testcase name="termLoanEditOperation" time="5.730" classname="com.idexcel.termloanservice.scripts.TermLoanEdit"/>
  <testcase name="termLoanEditOperation" time="5.749" classname="com.idexcel.termloanservice.scripts.TermLoanEdit"/>
  <testcase name="termLoanEditOperation" time="5.845" classname="com.idexcel.termloanservice.scripts.TermLoanEdit"/>
  <testcase name="termLoanEditOperation" time="11.528" classname="com.idexcel.termloanservice.scripts.TermLoanEdit"/>
  <testcase name="termLoanEditOperation" time="5.763" classname="com.idexcel.termloanservice.scripts.TermLoanEdit"/>
  <testcase name="termLoanEditOperation" time="5.742" classname="com.idexcel.termloanservice.scripts.TermLoanEdit"/>
</testsuite> <!-- com.idexcel.termloanservice.scripts.TermLoanEdit -->
