<?xml version="1.0" encoding="UTF-8"?>
<!-- Generated by org.testng.reporters.JUnitReportReporter -->
<testsuite hostname="len103" name="com.idexcel.termloanservice.scripts.CollateralSetup" tests="2" failures="0" timestamp="1 Apr 2020 09:38:24 GMT" time="76.732" errors="0">
  <testcase name="collateralCRUD" time="42.183" classname="com.idexcel.termloanservice.scripts.CollateralSetup"/>
  <testcase name="collateralCRUDDecimal" time="34.549" classname="com.idexcel.termloanservice.scripts.CollateralSetup"/>
</testsuite> <!-- com.idexcel.termloanservice.scripts.CollateralSetup -->
