<?xml version="1.0" encoding="UTF-8"?>
<!-- Generated by org.testng.reporters.JUnitReportReporter -->
<testsuite skipped="0" hostname="DESKTOP-QH2PPKS" name="com.idexcel.termloanservice.scripts.TermLoanReports" tests="14" failures="0" timestamp="23 Feb 2021 10:40:59 GMT" time="60.554" errors="0">
  <testcase name="toGetlistofalltermloanforrequestedBorrower" time="1.398" classname="com.idexcel.termloanservice.scripts.TermLoanReports"/>
  <testcase name="getOutstandingBalanceOnborrowerlevel" time="16.650" classname="com.idexcel.termloanservice.scripts.TermLoanReports"/>
  <testcase name="toGetlistofallperiodsforrequestedtermloan" time="3.636" classname="com.idexcel.termloanservice.scripts.TermLoanReports"/>
  <testcase name="nextduedetails" time="3.316" classname="com.idexcel.termloanservice.scripts.TermLoanReports"/>
  <testcase name="reportCalculation" time="5.245" classname="com.idexcel.termloanservice.scripts.TermLoanReports"/>
  <testcase name="paymentSummary" time="3.253" classname="com.idexcel.termloanservice.scripts.TermLoanReports"/>
  <testcase name="duesAsofToday" time="2.985" classname="com.idexcel.termloanservice.scripts.TermLoanReports"/>
  <testcase name="duesAsofToday" time="2.998" classname="com.idexcel.termloanservice.scripts.TermLoanReports"/>
  <testcase name="getDueAson" time="3.612" classname="com.idexcel.termloanservice.scripts.TermLoanReports"/>
  <testcase name="duesAsofToday" time="3.443" classname="com.idexcel.termloanservice.scripts.TermLoanReports"/>
  <testcase name="duesAsofToday" time="2.921" classname="com.idexcel.termloanservice.scripts.TermLoanReports"/>
  <testcase name="getcommitSummary" time="3.555" classname="com.idexcel.termloanservice.scripts.TermLoanReports"/>
  <testcase name="feeSummary" time="4.165" classname="com.idexcel.termloanservice.scripts.TermLoanReports"/>
  <testcase name="toGetloanallschedules" time="3.377" classname="com.idexcel.termloanservice.scripts.TermLoanReports"/>
</testsuite> <!-- com.idexcel.termloanservice.scripts.TermLoanReports -->
