<?xml version="1.0" encoding="UTF-8"?>
<!-- Generated by org.testng.reporters.JUnitReportReporter -->
<testsuite hostname="len103" name="com.idexcel.termloanservice.scripts.TermLoanLoanNumber" tests="3" failures="0" timestamp="12 May 2020 10:43:36 GMT" time="12.970" errors="0">
  <testcase name="termLoanNumberWithPositiveData" time="2.820" classname="com.idexcel.termloanservice.scripts.TermLoanLoanNumber"/>
  <testcase name="termLoanNumberWithPositiveData" time="2.793" classname="com.idexcel.termloanservice.scripts.TermLoanLoanNumber"/>
  <testcase name="termLoanNumberWithPositiveData" time="7.357" classname="com.idexcel.termloanservice.scripts.TermLoanLoanNumber"/>
</testsuite> <!-- com.idexcel.termloanservice.scripts.TermLoanLoanNumber -->
