<?xml version="1.0" encoding="UTF-8"?>
<!-- Generated by org.testng.reporters.JUnitReportReporter -->
<testsuite hostname="len103" name="com.idexcel.termloanservice.scripts.Chargetemplates" tests="2" failures="0" timestamp="26 May 2020 11:27:48 GMT" time="18.892" errors="0">
  <testcase name="latefee" time="7.910" classname="com.idexcel.termloanservice.scripts.Chargetemplates"/>
  <testcase name="chargeTemplateDecimal" time="10.982" classname="com.idexcel.termloanservice.scripts.Chargetemplates"/>
</testsuite> <!-- com.idexcel.termloanservice.scripts.Chargetemplates -->
