<?xml version="1.0" encoding="UTF-8"?>
<!-- Generated by org.testng.reporters.JUnitReportReporter -->
<testsuite skipped="0" hostname="DESKTOP-QH2PPKS" name="com.idexcel.termloanservice.scripts.TermLoanOrignalDate" tests="4" failures="0" timestamp="24 Feb 2021 08:06:14 GMT" time="5.440" errors="0">
  <testcase name="termLoanOrignalDateAsNegative" time="1.290" classname="com.idexcel.termloanservice.scripts.TermLoanOrignalDate"/>
  <testcase name="termLoanOrignalDateAsNegative" time="1.499" classname="com.idexcel.termloanservice.scripts.TermLoanOrignalDate"/>
  <testcase name="termLoanOrignalDateAsNegative" time="1.345" classname="com.idexcel.termloanservice.scripts.TermLoanOrignalDate"/>
  <testcase name="termLoanOrignalDateAsNegative" time="1.306" classname="com.idexcel.termloanservice.scripts.TermLoanOrignalDate"/>
</testsuite> <!-- com.idexcel.termloanservice.scripts.TermLoanOrignalDate -->
