<?xml version="1.0" encoding="UTF-8"?>
<!-- Generated by org.testng.reporters.JUnitReportReporter -->
<testsuite hostname="len103" name="com.idexcel.termloanservice.scripts.TermloanBorrower" tests="2" failures="0" timestamp="6 May 2020 09:14:19 GMT" time="9.489" errors="0">
  <testcase name="termloanBorrowerDelete" time="2.723" classname="com.idexcel.termloanservice.scripts.TermloanBorrower"/>
  <testcase name="termloanBorrower" time="6.766" classname="com.idexcel.termloanservice.scripts.TermloanBorrower"/>
</testsuite> <!-- com.idexcel.termloanservice.scripts.TermloanBorrower -->
