<?xml version="1.0" encoding="UTF-8"?>
<!-- Generated by org.testng.reporters.JUnitReportReporter -->
<testsuite skipped="0" hostname="DESKTOP-QH2PPKS" name="com.idexcel.termloanservice.scripts.TermLoanDisburnsmentDate" tests="2" failures="0" timestamp="18 Feb 2021 10:18:16 GMT" time="5.754" errors="0">
  <testcase name="termLoanDisburnsmentNegative" time="2.312" classname="com.idexcel.termloanservice.scripts.TermLoanDisburnsmentDate"/>
  <testcase name="termLoanDisburnsmentNegative" time="3.442" classname="com.idexcel.termloanservice.scripts.TermLoanDisburnsmentDate"/>
</testsuite> <!-- com.idexcel.termloanservice.scripts.TermLoanDisburnsmentDate -->
