<?xml version="1.0" encoding="UTF-8"?>
<!-- Generated by org.testng.reporters.JUnitReportReporter -->
<testsuite hostname="len103" name="com.idexcel.termloanservice.scripts.TRMLNDisburnsmentNegative" tests="4" failures="0" timestamp="30 Oct 2019 05:52:38 GMT" time="29.062" errors="0">
  <testcase name="termLoanDisburnsmentNegative" time="5.752" classname="com.idexcel.termloanservice.scripts.TRMLNDisburnsmentNegative"/>
  <testcase name="termLoanDisburnsmentNegative" time="6.621" classname="com.idexcel.termloanservice.scripts.TRMLNDisburnsmentNegative"/>
  <testcase name="termLoanDisburnsmentNegative" time="10.929" classname="com.idexcel.termloanservice.scripts.TRMLNDisburnsmentNegative"/>
  <testcase name="termLoanDisburnsmentNegative" time="5.760" classname="com.idexcel.termloanservice.scripts.TRMLNDisburnsmentNegative"/>
</testsuite> <!-- com.idexcel.termloanservice.scripts.TRMLNDisburnsmentNegative -->
