<?xml version="1.0" encoding="UTF-8"?>
<!-- Generated by org.testng.reporters.JUnitReportReporter -->
<testsuite hostname="len103" name="com.idexcel.termloanservice.scripts.GracePeriod" tests="1" failures="0" timestamp="26 May 2020 10:08:35 GMT" time="18.806" errors="0">
  <testcase name="gracePeriodEndDate" time="18.806" classname="com.idexcel.termloanservice.scripts.GracePeriod"/>
</testsuite> <!-- com.idexcel.termloanservice.scripts.GracePeriod -->
