<?xml version="1.0" encoding="UTF-8"?>
<!-- Generated by org.testng.reporters.JUnitReportReporter -->
<testsuite skipped="0" hostname="len103" name="com.idexcel.termloanservice.scripts.Termloansetup2" tests="5" failures="0" timestamp="27 Sep 2019 06:34:27 GMT" time="31.897" errors="0">
  <testcase name="termLoanInitialPaymentdateNeg" time="5.354" classname="com.idexcel.termloanservice.scripts.Termloansetup2"/>
  <testcase name="termLoanInitialPaymentdateNeg" time="5.236" classname="com.idexcel.termloanservice.scripts.Termloansetup2"/>
  <testcase name="termLoanInitialPaymentdateNeg" time="10.661" classname="com.idexcel.termloanservice.scripts.Termloansetup2"/>
  <testcase name="termLoanInitialPaymentdateNeg" time="5.347" classname="com.idexcel.termloanservice.scripts.Termloansetup2"/>
  <testcase name="termLoanInitialPaymentdateNeg" time="5.299" classname="com.idexcel.termloanservice.scripts.Termloansetup2"/>
</testsuite> <!-- com.idexcel.termloanservice.scripts.Termloansetup2 -->
