<?xml version="1.0" encoding="UTF-8"?>
<!-- Generated by org.testng.reporters.JUnitReportReporter -->
<testsuite skipped="0" hostname="DESKTOP-QH2PPKS" name="com.idexcel.termloanservice.scripts.TermLoanLoanNumber" tests="27" failures="0" timestamp="24 Feb 2021 09:15:12 GMT" time="35.749" errors="0">
  <testcase name="termLoanNumberWithNegativeData" time="1.290" classname="com.idexcel.termloanservice.scripts.TermLoanLoanNumber"/>
  <testcase name="termLoanNumberWithNegativeData" time="1.231" classname="com.idexcel.termloanservice.scripts.TermLoanLoanNumber"/>
  <testcase name="termLoanNumberWithNegativeData" time="1.407" classname="com.idexcel.termloanservice.scripts.TermLoanLoanNumber"/>
  <testcase name="termLoanNumberWithNegativeData" time="1.343" classname="com.idexcel.termloanservice.scripts.TermLoanLoanNumber"/>
  <testcase name="termLoanNumberWithNegativeData" time="1.280" classname="com.idexcel.termloanservice.scripts.TermLoanLoanNumber"/>
  <testcase name="termLoanNumberWithNegativeData" time="1.299" classname="com.idexcel.termloanservice.scripts.TermLoanLoanNumber"/>
  <testcase name="termLoanNumberWithNegativeData" time="1.344" classname="com.idexcel.termloanservice.scripts.TermLoanLoanNumber"/>
  <testcase name="termLoanNumberWithNegativeData" time="1.249" classname="com.idexcel.termloanservice.scripts.TermLoanLoanNumber"/>
  <testcase name="termLoanNumberWithNegativeData" time="1.312" classname="com.idexcel.termloanservice.scripts.TermLoanLoanNumber"/>
  <testcase name="termLoanNumberWithNegativeData" time="1.357" classname="com.idexcel.termloanservice.scripts.TermLoanLoanNumber"/>
  <testcase name="termLoanNumberWithNegativeData" time="1.351" classname="com.idexcel.termloanservice.scripts.TermLoanLoanNumber"/>
  <testcase name="termLoanNumberWithNegativeData" time="1.349" classname="com.idexcel.termloanservice.scripts.TermLoanLoanNumber"/>
  <testcase name="termLoanNumberWithNegativeData" time="1.245" classname="com.idexcel.termloanservice.scripts.TermLoanLoanNumber"/>
  <testcase name="termLoanNumberWithNegativeData" time="1.379" classname="com.idexcel.termloanservice.scripts.TermLoanLoanNumber"/>
  <testcase name="termLoanNumberWithNegativeData" time="1.314" classname="com.idexcel.termloanservice.scripts.TermLoanLoanNumber"/>
  <testcase name="termLoanNumberWithNegativeData" time="1.321" classname="com.idexcel.termloanservice.scripts.TermLoanLoanNumber"/>
  <testcase name="termLoanNumberWithNegativeData" time="1.314" classname="com.idexcel.termloanservice.scripts.TermLoanLoanNumber"/>
  <testcase name="termLoanNumberWithNegativeData" time="1.374" classname="com.idexcel.termloanservice.scripts.TermLoanLoanNumber"/>
  <testcase name="termLoanNumberWithNegativeData" time="1.286" classname="com.idexcel.termloanservice.scripts.TermLoanLoanNumber"/>
  <testcase name="termLoanNumberWithNegativeData" time="1.647" classname="com.idexcel.termloanservice.scripts.TermLoanLoanNumber"/>
  <testcase name="termLoanNumberWithNegativeData" time="1.336" classname="com.idexcel.termloanservice.scripts.TermLoanLoanNumber"/>
  <testcase name="termLoanNumberWithNegativeData" time="1.370" classname="com.idexcel.termloanservice.scripts.TermLoanLoanNumber"/>
  <testcase name="termLoanNumberWithNegativeData" time="1.268" classname="com.idexcel.termloanservice.scripts.TermLoanLoanNumber"/>
  <testcase name="termLoanNumberWithNegativeData" time="1.311" classname="com.idexcel.termloanservice.scripts.TermLoanLoanNumber"/>
  <testcase name="termLoanNumberWithNegativeData" time="1.264" classname="com.idexcel.termloanservice.scripts.TermLoanLoanNumber"/>
  <testcase name="termLoanNumberWithNegativeData" time="1.245" classname="com.idexcel.termloanservice.scripts.TermLoanLoanNumber"/>
  <testcase name="termLoanNumberWithNegativeData" time="1.263" classname="com.idexcel.termloanservice.scripts.TermLoanLoanNumber"/>
</testsuite> <!-- com.idexcel.termloanservice.scripts.TermLoanLoanNumber -->
