<?xml version="1.0" encoding="UTF-8"?>
<!-- Generated by org.testng.reporters.JUnitReportReporter -->
<testsuite hostname="len103" name="com.idexcel.termloanservice.scripts.Amortization" tests="1" failures="0" timestamp="28 May 2020 06:00:55 GMT" time="16.935" errors="0">
  <testcase name="amortizationScheluePutUPdateRegularDate" time="16.935" classname="com.idexcel.termloanservice.scripts.Amortization"/>
</testsuite> <!-- com.idexcel.termloanservice.scripts.Amortization -->
