<?xml version="1.0" encoding="UTF-8"?>
<!-- Generated by org.testng.reporters.JUnitReportReporter -->
<testsuite hostname="len167" name="com.idexcel.utilities.ValidationJSON" tests="1" failures="0" timestamp="26 Jul 2019 07:41:04 GMT" time="0.281" errors="0">
  <testcase name="validatingJSONBody" time="0.281" classname="com.idexcel.utilities.ValidationJSON"/>
</testsuite> <!-- com.idexcel.utilities.ValidationJSON -->
