<?xml version="1.0" encoding="UTF-8"?>
<!-- Generated by org.testng.reporters.JUnitReportReporter -->
<testsuite hostname="len103" name="com.idexcel.termloanservice.scripts.OneTimeManualFee" tests="41" failures="0" timestamp="26 May 2020 11:34:39 GMT" time="217.261" errors="0">
  <testcase name="latefeepenalty" time="2.916" classname="com.idexcel.termloanservice.scripts.OneTimeManualFee"/>
  <testcase name="oneTimeManualNegative" time="5.775" classname="com.idexcel.termloanservice.scripts.OneTimeManualFee"/>
  <testcase name="oneTimeManualNegative" time="5.790" classname="com.idexcel.termloanservice.scripts.OneTimeManualFee"/>
  <testcase name="latefeepenaltyValue" time="2.782" classname="com.idexcel.termloanservice.scripts.OneTimeManualFee"/>
  <testcase name="oneTimeManualNegative" time="5.756" classname="com.idexcel.termloanservice.scripts.OneTimeManualFee"/>
  <testcase name="latefeepenalty" time="2.823" classname="com.idexcel.termloanservice.scripts.OneTimeManualFee"/>
  <testcase name="latefeepenalty" time="2.834" classname="com.idexcel.termloanservice.scripts.OneTimeManualFee"/>
  <testcase name="latefeepenaltyValue" time="2.926" classname="com.idexcel.termloanservice.scripts.OneTimeManualFee"/>
  <testcase name="OnetimeValueNEgative" time="5.869" classname="com.idexcel.termloanservice.scripts.OneTimeManualFee"/>
  <testcase name="OnetimeValueNEgative" time="5.770" classname="com.idexcel.termloanservice.scripts.OneTimeManualFee"/>
  <testcase name="latefeepenalty" time="2.857" classname="com.idexcel.termloanservice.scripts.OneTimeManualFee"/>
  <testcase name="latefeepenaltyValue" time="4.103" classname="com.idexcel.termloanservice.scripts.OneTimeManualFee"/>
  <testcase name="latefeepenalty" time="2.776" classname="com.idexcel.termloanservice.scripts.OneTimeManualFee"/>
  <testcase name="oneTimeManualFeePost" time="5.718" classname="com.idexcel.termloanservice.scripts.OneTimeManualFee"/>
  <testcase name="oneTimeManualNegative" time="6.158" classname="com.idexcel.termloanservice.scripts.OneTimeManualFee"/>
  <testcase name="OnetimeValueNEgative" time="10.877" classname="com.idexcel.termloanservice.scripts.OneTimeManualFee"/>
  <testcase name="OnetimeValueNEgative" time="5.806" classname="com.idexcel.termloanservice.scripts.OneTimeManualFee"/>
  <testcase name="latefeepenaltyValue" time="2.823" classname="com.idexcel.termloanservice.scripts.OneTimeManualFee"/>
  <testcase name="oneTimeManualNegative" time="5.702" classname="com.idexcel.termloanservice.scripts.OneTimeManualFee"/>
  <testcase name="oneTimeManualNegative" time="5.585" classname="com.idexcel.termloanservice.scripts.OneTimeManualFee"/>
  <testcase name="oneTimeManualNegative" time="5.840" classname="com.idexcel.termloanservice.scripts.OneTimeManualFee"/>
  <testcase name="oneTimeManualFeeGet" time="19.185" classname="com.idexcel.termloanservice.scripts.OneTimeManualFee"/>
  <testcase name="oneTimeManualNegative" time="5.820" classname="com.idexcel.termloanservice.scripts.OneTimeManualFee"/>
  <testcase name="oneTimeManualNegative" time="5.617" classname="com.idexcel.termloanservice.scripts.OneTimeManualFee"/>
  <testcase name="OnetimeValueNEgative" time="5.621" classname="com.idexcel.termloanservice.scripts.OneTimeManualFee"/>
  <testcase name="oneTimeManualFeePostValue" time="5.772" classname="com.idexcel.termloanservice.scripts.OneTimeManualFee"/>
  <testcase name="latefeepenaltyValue" time="2.788" classname="com.idexcel.termloanservice.scripts.OneTimeManualFee"/>
  <testcase name="latefeepenaltyValue" time="2.864" classname="com.idexcel.termloanservice.scripts.OneTimeManualFee"/>
  <testcase name="OnetimeValueNEgative" time="5.575" classname="com.idexcel.termloanservice.scripts.OneTimeManualFee"/>
  <testcase name="oneTimeManualNegative" time="5.800" classname="com.idexcel.termloanservice.scripts.OneTimeManualFee"/>
  <testcase name="oneTimeManualNegative" time="5.632" classname="com.idexcel.termloanservice.scripts.OneTimeManualFee"/>
  <testcase name="oneTimeManualNegative" time="5.615" classname="com.idexcel.termloanservice.scripts.OneTimeManualFee"/>
  <testcase name="oneTimeManualNegative" time="5.677" classname="com.idexcel.termloanservice.scripts.OneTimeManualFee"/>
  <testcase name="oneTimeManualNegative" time="5.626" classname="com.idexcel.termloanservice.scripts.OneTimeManualFee"/>
  <testcase name="oneTimeManualNegative" time="5.667" classname="com.idexcel.termloanservice.scripts.OneTimeManualFee"/>
  <testcase name="oneTimeManualNegative" time="5.728" classname="com.idexcel.termloanservice.scripts.OneTimeManualFee"/>
  <testcase name="oneTimeManualNegative" time="5.649" classname="com.idexcel.termloanservice.scripts.OneTimeManualFee"/>
  <testcase name="latefeepenalty" time="2.782" classname="com.idexcel.termloanservice.scripts.OneTimeManualFee"/>
  <testcase name="oneTimeManualNegative" time="5.669" classname="com.idexcel.termloanservice.scripts.OneTimeManualFee"/>
  <testcase name="OnetimeValueNEgative" time="5.726" classname="com.idexcel.termloanservice.scripts.OneTimeManualFee"/>
  <testcase name="latefeepenaltyValue" time="2.962" classname="com.idexcel.termloanservice.scripts.OneTimeManualFee"/>
</testsuite> <!-- com.idexcel.termloanservice.scripts.OneTimeManualFee -->
