<?xml version="1.0" encoding="UTF-8"?>
<!-- Generated by org.testng.reporters.JUnitReportReporter -->
<testsuite hostname="len103" name="com.idexcel.termloanservice.scripts.TermLoanQuaterly" tests="4" failures="0" timestamp="31 Oct 2019 10:55:36 GMT" time="37.994" errors="0">
  <testcase name="TermSetup" time="13.244" classname="com.idexcel.termloanservice.scripts.TermLoanQuaterly"/>
  <testcase name="TermSetup" time="8.140" classname="com.idexcel.termloanservice.scripts.TermLoanQuaterly"/>
  <testcase name="TermSetup" time="8.407" classname="com.idexcel.termloanservice.scripts.TermLoanQuaterly"/>
  <testcase name="TermSetup" time="8.203" classname="com.idexcel.termloanservice.scripts.TermLoanQuaterly"/>
</testsuite> <!-- com.idexcel.termloanservice.scripts.TermLoanQuaterly -->
